  main_Assignment41.cpp
C:\Users\Sahiti Nallagonda\Desktop\ME557\ss\assignment4_1\main_Assignment41.cpp(81): warning C4305: '=': truncation from 'double' to 'float'
C:\Users\Sahiti Nallagonda\Desktop\ME557\ss\assignment4_1\main_Assignment41.cpp(92): warning C4305: '=': truncation from 'double' to 'float'
C:\Users\Sahiti Nallagonda\Desktop\ME557\ss\assignment4_1\main_Assignment41.cpp(95): warning C4305: '=': truncation from 'double' to 'float'
  CoordSystem.cpp
  GLAppearance.cpp
  GLObject.cpp
  GLSphere.cpp
C:\Users\Sahiti Nallagonda\Desktop\ME557\ss\gl_common\GLSphere.cpp(340): warning C4267: '=': conversion from 'size_t' to 'int', possible loss of data
C:\Users\Sahiti Nallagonda\Desktop\ME557\ss\gl_common\GLSphere.cpp(358): warning C4305: '=': truncation from 'double' to 'float'
C:\Users\Sahiti Nallagonda\Desktop\ME557\ss\gl_common\GLSphere.cpp(412): warning C4267: '=': conversion from 'size_t' to 'int', possible loss of data
C:\Users\Sahiti Nallagonda\Desktop\ME557\ss\gl_common\GLSphere.cpp(484): warning C4267: '=': conversion from 'size_t' to 'int', possible loss of data
C:\Users\Sahiti Nallagonda\Desktop\ME557\ss\gl_common\GLSphere.cpp(556): warning C4267: '=': conversion from 'size_t' to 'int', possible loss of data
C:\Users\Sahiti Nallagonda\Desktop\ME557\ss\gl_common\GLSphere.cpp(628): warning C4267: '=': conversion from 'size_t' to 'int', possible loss of data
C:\Users\Sahiti Nallagonda\Desktop\ME557\ss\gl_common\GLSphere.cpp(723): warning C4267: '=': conversion from 'size_t' to 'int', possible loss of data
C:\Users\Sahiti Nallagonda\Desktop\ME557\ss\gl_common\GLSphere.cpp(780): warning C4267: '=': conversion from 'size_t' to 'int', possible loss of data
C:\Users\Sahiti Nallagonda\Desktop\ME557\ss\gl_common\GLSphere.cpp(837): warning C4267: '=': conversion from 'size_t' to 'int', possible loss of data
C:\Users\Sahiti Nallagonda\Desktop\ME557\ss\gl_common\GLSphere.cpp(894): warning C4267: '=': conversion from 'size_t' to 'int', possible loss of data
C:\Users\Sahiti Nallagonda\Desktop\ME557\ss\gl_common\GLSphere.cpp(951): warning C4267: '=': conversion from 'size_t' to 'int', possible loss of data
C:\Users\Sahiti Nallagonda\Desktop\ME557\ss\gl_common\GLSphere.cpp(1171): warning C4305: '=': truncation from 'double' to 'float'
C:\Users\Sahiti Nallagonda\Desktop\ME557\ss\gl_common\GLSphere.cpp(1402): warning C4305: '=': truncation from 'double' to 'float'
C:\Users\Sahiti Nallagonda\Desktop\ME557\ss\gl_common\GLSphere.cpp(1521): warning C4305: '=': truncation from 'double' to 'float'
C:\Users\Sahiti Nallagonda\Desktop\ME557\ss\gl_common\GLSphere.cpp(1950): warning C4267: '=': conversion from 'size_t' to 'int', possible loss of data
C:\Users\Sahiti Nallagonda\Desktop\ME557\ss\gl_common\GLSphere.cpp(1957): warning C4244: '=': conversion from 'double' to 'float', possible loss of data
C:\Users\Sahiti Nallagonda\Desktop\ME557\ss\gl_common\GLSphere.cpp(1958): warning C4244: '=': conversion from 'double' to 'float', possible loss of data
C:\Users\Sahiti Nallagonda\Desktop\ME557\ss\gl_common\GLSphere.cpp(1959): warning C4244: '=': conversion from 'double' to 'float', possible loss of data
C:\Users\Sahiti Nallagonda\Desktop\ME557\ss\gl_common\GLSphere.cpp(1964): warning C4244: '=': conversion from 'double' to 'float', possible loss of data
C:\Users\Sahiti Nallagonda\Desktop\ME557\ss\gl_common\GLSphere.cpp(1965): warning C4244: '=': conversion from 'double' to 'float', possible loss of data
C:\Users\Sahiti Nallagonda\Desktop\ME557\ss\gl_common\GLSphere.cpp(1966): warning C4244: '=': conversion from 'double' to 'float', possible loss of data
C:\Users\Sahiti Nallagonda\Desktop\ME557\ss\gl_common\GLSphere.cpp(1970): warning C4244: '=': conversion from 'double' to 'float', possible loss of data
C:\Users\Sahiti Nallagonda\Desktop\ME557\ss\gl_common\GLSphere.cpp(1971): warning C4244: '=': conversion from 'double' to 'float', possible loss of data
C:\Users\Sahiti Nallagonda\Desktop\ME557\ss\gl_common\GLSphere.cpp(1972): warning C4244: '=': conversion from 'double' to 'float', possible loss of data
C:\Users\Sahiti Nallagonda\Desktop\ME557\ss\gl_common\GLSphere.cpp(1976): warning C4244: '=': conversion from 'double' to 'float', possible loss of data
C:\Users\Sahiti Nallagonda\Desktop\ME557\ss\gl_common\GLSphere.cpp(1977): warning C4244: '=': conversion from 'double' to 'float', possible loss of data
C:\Users\Sahiti Nallagonda\Desktop\ME557\ss\gl_common\GLSphere.cpp(1978): warning C4244: '=': conversion from 'double' to 'float', possible loss of data
  HCI557Common.cpp
C:\Users\Sahiti Nallagonda\Desktop\ME557\ss\gl_common\HCI557Common.cpp(128): warning C4244: '=': conversion from 'double' to 'int', possible loss of data
C:\Users\Sahiti Nallagonda\Desktop\ME557\ss\gl_common\HCI557Common.cpp(129): warning C4244: '=': conversion from 'double' to 'int', possible loss of data
C:\Users\Sahiti Nallagonda\Desktop\ME557\ss\gl_common\HCI557Common.cpp(238): warning C4305: 'return': truncation from 'int' to 'bool'
C:\Users\Sahiti Nallagonda\Desktop\ME557\ss\gl_common\HCI557Common.cpp(247): warning C4996: 'sscanf': This function or variable may be unsafe. Consider using sscanf_s instead. To disable deprecation, use _CRT_SECURE_NO_WARNINGS. See online help for details.
  C:\Program Files (x86)\Windows Kits\10\Include\10.0.10240.0\ucrt\stdio.h(2254): note: see declaration of 'sscanf'
  Plane3D.cpp
C:\Users\Sahiti Nallagonda\Desktop\ME557\ss\gl_common\Plane3D.cpp(138): warning C4267: '=': conversion from 'size_t' to 'int', possible loss of data
C:\Users\Sahiti Nallagonda\Desktop\ME557\ss\gl_common\Plane3D.cpp(223): warning C4244: '=': conversion from 'double' to 'float', possible loss of data
C:\Users\Sahiti Nallagonda\Desktop\ME557\ss\gl_common\Plane3D.cpp(224): warning C4244: '=': conversion from 'double' to 'float', possible loss of data
C:\Users\Sahiti Nallagonda\Desktop\ME557\ss\gl_common\Plane3D.cpp(229): warning C4244: '=': conversion from 'double' to 'float', possible loss of data
C:\Users\Sahiti Nallagonda\Desktop\ME557\ss\gl_common\Plane3D.cpp(230): warning C4244: '=': conversion from 'double' to 'float', possible loss of data
C:\Users\Sahiti Nallagonda\Desktop\ME557\ss\gl_common\Plane3D.cpp(235): warning C4244: '=': conversion from 'double' to 'float', possible loss of data
C:\Users\Sahiti Nallagonda\Desktop\ME557\ss\gl_common\Plane3D.cpp(236): warning C4244: '=': conversion from 'double' to 'float', possible loss of data
C:\Users\Sahiti Nallagonda\Desktop\ME557\ss\gl_common\Plane3D.cpp(241): warning C4244: '=': conversion from 'double' to 'float', possible loss of data
C:\Users\Sahiti Nallagonda\Desktop\ME557\ss\gl_common\Plane3D.cpp(242): warning C4244: '=': conversion from 'double' to 'float', possible loss of data
  Texture.cpp
C:\Users\Sahiti Nallagonda\Desktop\ME557\ss\gl_common\Texture.cpp(39): warning C4267: 'initializing': conversion from 'size_t' to 'int', possible loss of data
C:\Users\Sahiti Nallagonda\Desktop\ME557\ss\gl_common\Texture.cpp(69): warning C4996: 'fopen': This function or variable may be unsafe. Consider using fopen_s instead. To disable deprecation, use _CRT_SECURE_NO_WARNINGS. See online help for details.
  C:\Program Files (x86)\Windows Kits\10\Include\10.0.10240.0\ucrt\stdio.h(205): note: see declaration of 'fopen'
C:\Users\Sahiti Nallagonda\Desktop\ME557\ss\gl_common\Texture.cpp(636): warning C4267: 'initializing': conversion from 'size_t' to 'int', possible loss of data
C:\Users\Sahiti Nallagonda\Desktop\ME557\ss\gl_common\Texture.cpp(660): warning C4996: 'fopen': This function or variable may be unsafe. Consider using fopen_s instead. To disable deprecation, use _CRT_SECURE_NO_WARNINGS. See online help for details.
  C:\Program Files (x86)\Windows Kits\10\Include\10.0.10240.0\ucrt\stdio.h(205): note: see declaration of 'fopen'
C:\Users\Sahiti Nallagonda\Desktop\ME557\ss\gl_common\Texture.cpp(720): warning C4267: 'initializing': conversion from 'size_t' to 'int', possible loss of data
  Generating Code...
c:\users\sahiti nallagonda\desktop\me557\ss\gl_common\hci557common.cpp(92): warning C4715: 'GetCurrentCameraTranslation': not all control paths return a value
c:\users\sahiti nallagonda\desktop\me557\ss\gl_common\hci557common.cpp(75): warning C4715: 'GetCurrentCameraMatrix': not all control paths return a value
  Assignment41.vcxproj -> C:\Users\Sahiti Nallagonda\Desktop\ME557\ss\assignment4_1\Debug\Assignment41.exe
